d:\bk\my_learn\broblocks\c++\oop\inheritance\inheritance\debug\inheritance.pch
d:\bk\my_learn\broblocks\c++\oop\inheritance\inheritance\debug\vc141.pdb
d:\bk\my_learn\broblocks\c++\oop\inheritance\inheritance\debug\vc141.idb
d:\bk\my_learn\broblocks\c++\oop\inheritance\inheritance\debug\stdafx.obj
d:\bk\my_learn\broblocks\c++\oop\inheritance\inheritance\debug\inheritance.pdb
d:\bk\my_learn\broblocks\c++\oop\inheritance\inheritance\debug\inheritance.idb
d:\bk\my_learn\broblocks\c++\oop\inheritance\inheritance\debug\utils.obj
d:\bk\my_learn\broblocks\c++\oop\inheritance\inheritance\debug\teacher.obj
d:\bk\my_learn\broblocks\c++\oop\inheritance\inheritance\debug\student.obj
d:\bk\my_learn\broblocks\c++\oop\inheritance\inheritance\debug\person.obj
d:\bk\my_learn\broblocks\c++\oop\inheritance\inheritance\debug\main.obj
d:\bk\my_learn\broblocks\c++\oop\inheritance\debug\inheritance.lib
d:\bk\my_learn\broblocks\c++\oop\inheritance\debug\inheritance.ilk
d:\bk\my_learn\broblocks\c++\oop\inheritance\debug\inheritance.exe
d:\bk\my_learn\broblocks\c++\oop\inheritance\debug\inheritance.pdb
d:\bk\my_learn\broblocks\c++\oop\inheritance\inheritance\debug\inheritance.tlog\cl.command.1.tlog
d:\bk\my_learn\broblocks\c++\oop\inheritance\inheritance\debug\inheritance.tlog\cl.read.1.tlog
d:\bk\my_learn\broblocks\c++\oop\inheritance\inheritance\debug\inheritance.tlog\cl.write.1.tlog
d:\bk\my_learn\broblocks\c++\oop\inheritance\inheritance\debug\inheritance.tlog\lib-link.read.1.tlog
d:\bk\my_learn\broblocks\c++\oop\inheritance\inheritance\debug\inheritance.tlog\lib-link.write.1.tlog
d:\bk\my_learn\broblocks\c++\oop\inheritance\inheritance\debug\inheritance.tlog\lib.command.1.tlog
d:\bk\my_learn\broblocks\c++\oop\inheritance\inheritance\debug\inheritance.tlog\link.command.1.tlog
d:\bk\my_learn\broblocks\c++\oop\inheritance\inheritance\debug\inheritance.tlog\link.read.1.tlog
d:\bk\my_learn\broblocks\c++\oop\inheritance\inheritance\debug\inheritance.tlog\link.write.1.tlog
